<?xml version="1.0" encoding="UTF-8"?>
<testng-results skipped="0" failed="0" ignored="0" total="4" passed="4">
  <reporter-output>
  </reporter-output>
  <suite name="NegativeLoginTestSuite" duration-ms="47868" started-at="2019-05-11T12:33:14Z" finished-at="2019-05-11T12:34:01Z">
    <groups>
    </groups>
    <test name="NegativeUsernameTest-CH" duration-ms="11647" started-at="2019-05-11T12:33:14Z" finished-at="2019-05-11T12:33:25Z">
      <class name="com.herokuapp.theinternet.loginpagetests.NegativeLoginTests">
        <test-method status="PASS" signature="setUp(java.lang.String)[pri:0, instance:com.herokuapp.theinternet.loginpagetests.NegativeLoginTests@26be92ad]" name="setUp" is-config="true" duration-ms="4734" started-at="2019-05-11T12:33:14Z" finished-at="2019-05-11T12:33:18Z">
          <params>
            <param index="0">
              <value>
                <![CDATA[chrome]]>
              </value>
            </param>
          </params>
          <reporter-output>
          </reporter-output>
        </test-method> <!-- setUp -->
        <test-method status="PASS" signature="negativeTest(java.lang.String, java.lang.String, java.lang.String)[pri:1, instance:com.herokuapp.theinternet.loginpagetests.NegativeLoginTests@26be92ad]" name="negativeTest" duration-ms="6200" started-at="2019-05-11T12:33:18Z" finished-at="2019-05-11T12:33:25Z">
          <params>
            <param index="0">
              <value>
                <![CDATA[incorrectUsername]]>
              </value>
            </param>
            <param index="1">
              <value>
                <![CDATA[SuperSecretPassword!]]>
              </value>
            </param>
            <param index="2">
              <value>
                <![CDATA[Your username is invalid!]]>
              </value>
            </param>
          </params>
          <reporter-output>
          </reporter-output>
        </test-method> <!-- negativeTest -->
        <test-method status="PASS" signature="tearDown()[pri:0, instance:com.herokuapp.theinternet.loginpagetests.NegativeLoginTests@26be92ad]" name="tearDown" is-config="true" duration-ms="654" started-at="2019-05-11T12:33:25Z" finished-at="2019-05-11T12:33:25Z">
          <reporter-output>
          </reporter-output>
        </test-method> <!-- tearDown -->
      </class> <!-- com.herokuapp.theinternet.loginpagetests.NegativeLoginTests -->
    </test> <!-- NegativeUsernameTest-CH -->
    <test name="NegativeUsernameTest-FF" duration-ms="14173" started-at="2019-05-11T12:33:25Z" finished-at="2019-05-11T12:33:39Z">
      <class name="com.herokuapp.theinternet.loginpagetests.NegativeLoginTests">
        <test-method status="PASS" signature="setUp(java.lang.String)[pri:0, instance:com.herokuapp.theinternet.loginpagetests.NegativeLoginTests@7d9d1a19]" name="setUp" is-config="true" duration-ms="7685" started-at="2019-05-11T12:33:25Z" finished-at="2019-05-11T12:33:33Z">
          <params>
            <param index="0">
              <value>
                <![CDATA[firefox]]>
              </value>
            </param>
          </params>
          <reporter-output>
          </reporter-output>
        </test-method> <!-- setUp -->
        <test-method status="PASS" signature="negativeTest(java.lang.String, java.lang.String, java.lang.String)[pri:1, instance:com.herokuapp.theinternet.loginpagetests.NegativeLoginTests@7d9d1a19]" name="negativeTest" duration-ms="4189" started-at="2019-05-11T12:33:33Z" finished-at="2019-05-11T12:33:37Z">
          <params>
            <param index="0">
              <value>
                <![CDATA[incorrectUsername]]>
              </value>
            </param>
            <param index="1">
              <value>
                <![CDATA[SuperSecretPassword!]]>
              </value>
            </param>
            <param index="2">
              <value>
                <![CDATA[Your username is invalid!]]>
              </value>
            </param>
          </params>
          <reporter-output>
          </reporter-output>
        </test-method> <!-- negativeTest -->
        <test-method status="PASS" signature="tearDown()[pri:0, instance:com.herokuapp.theinternet.loginpagetests.NegativeLoginTests@7d9d1a19]" name="tearDown" is-config="true" duration-ms="2292" started-at="2019-05-11T12:33:37Z" finished-at="2019-05-11T12:33:39Z">
          <reporter-output>
          </reporter-output>
        </test-method> <!-- tearDown -->
      </class> <!-- com.herokuapp.theinternet.loginpagetests.NegativeLoginTests -->
    </test> <!-- NegativeUsernameTest-FF -->
    <test name="NegativePasswordTest-CH" duration-ms="7991" started-at="2019-05-11T12:33:39Z" finished-at="2019-05-11T12:33:47Z">
      <class name="com.herokuapp.theinternet.loginpagetests.NegativeLoginTests">
        <test-method status="PASS" signature="setUp(java.lang.String)[pri:0, instance:com.herokuapp.theinternet.loginpagetests.NegativeLoginTests@5442a311]" name="setUp" is-config="true" duration-ms="1664" started-at="2019-05-11T12:33:39Z" finished-at="2019-05-11T12:33:41Z">
          <params>
            <param index="0">
              <value>
                <![CDATA[chrome]]>
              </value>
            </param>
          </params>
          <reporter-output>
          </reporter-output>
        </test-method> <!-- setUp -->
        <test-method status="PASS" signature="negativeTest(java.lang.String, java.lang.String, java.lang.String)[pri:1, instance:com.herokuapp.theinternet.loginpagetests.NegativeLoginTests@5442a311]" name="negativeTest" duration-ms="5681" started-at="2019-05-11T12:33:41Z" finished-at="2019-05-11T12:33:47Z">
          <params>
            <param index="0">
              <value>
                <![CDATA[tomsmith]]>
              </value>
            </param>
            <param index="1">
              <value>
                <![CDATA[incorrectPassword]]>
              </value>
            </param>
            <param index="2">
              <value>
                <![CDATA[Your password is invalid!]]>
              </value>
            </param>
          </params>
          <reporter-output>
          </reporter-output>
        </test-method> <!-- negativeTest -->
        <test-method status="PASS" signature="tearDown()[pri:0, instance:com.herokuapp.theinternet.loginpagetests.NegativeLoginTests@5442a311]" name="tearDown" is-config="true" duration-ms="640" started-at="2019-05-11T12:33:47Z" finished-at="2019-05-11T12:33:47Z">
          <reporter-output>
          </reporter-output>
        </test-method> <!-- tearDown -->
      </class> <!-- com.herokuapp.theinternet.loginpagetests.NegativeLoginTests -->
    </test> <!-- NegativePasswordTest-CH -->
    <test name="NegativePasswordTest-FF" duration-ms="13990" started-at="2019-05-11T12:33:47Z" finished-at="2019-05-11T12:34:01Z">
      <class name="com.herokuapp.theinternet.loginpagetests.NegativeLoginTests">
        <test-method status="PASS" signature="setUp(java.lang.String)[pri:0, instance:com.herokuapp.theinternet.loginpagetests.NegativeLoginTests@754ba872]" name="setUp" is-config="true" duration-ms="7627" started-at="2019-05-11T12:33:47Z" finished-at="2019-05-11T12:33:55Z">
          <params>
            <param index="0">
              <value>
                <![CDATA[firefox]]>
              </value>
            </param>
          </params>
          <reporter-output>
          </reporter-output>
        </test-method> <!-- setUp -->
        <test-method status="PASS" signature="negativeTest(java.lang.String, java.lang.String, java.lang.String)[pri:1, instance:com.herokuapp.theinternet.loginpagetests.NegativeLoginTests@754ba872]" name="negativeTest" duration-ms="4463" started-at="2019-05-11T12:33:55Z" finished-at="2019-05-11T12:34:00Z">
          <params>
            <param index="0">
              <value>
                <![CDATA[tomsmith]]>
              </value>
            </param>
            <param index="1">
              <value>
                <![CDATA[incorrectPassword]]>
              </value>
            </param>
            <param index="2">
              <value>
                <![CDATA[Your password is invalid!]]>
              </value>
            </param>
          </params>
          <reporter-output>
          </reporter-output>
        </test-method> <!-- negativeTest -->
        <test-method status="PASS" signature="tearDown()[pri:0, instance:com.herokuapp.theinternet.loginpagetests.NegativeLoginTests@754ba872]" name="tearDown" is-config="true" duration-ms="1894" started-at="2019-05-11T12:34:00Z" finished-at="2019-05-11T12:34:01Z">
          <reporter-output>
          </reporter-output>
        </test-method> <!-- tearDown -->
      </class> <!-- com.herokuapp.theinternet.loginpagetests.NegativeLoginTests -->
    </test> <!-- NegativePasswordTest-FF -->
  </suite> <!-- NegativeLoginTestSuite -->
</testng-results>
